Removed Pin From Net: NetName=V+ Pin=P2-1
Removed Pin From Net: NetName=GND Pin=P2-2
Removed Pin From Net: NetName=A1 Pin=P2-3
Removed Pin From Net: NetName=A2 Pin=P2-4
Removed Member From Class: ClassName=“£øÿ Member=P2
Added Component: Designator=P?(XH2.54-W-8P)
Add component (AddParameter): Name = "LatestRevisionDate"; Value = "17-Jul-2002"; VariantName = "[No Variations]"
Add component (AddParameter): Name = "LatestRevisionNote"; Value = "Re-released for DXP Platform."; VariantName = "[No Variations]"
Add component (AddParameter): Name = "Publisher"; Value = "Altium Limited"; VariantName = "[No Variations]"
Added Pin To Net: NetName=A2 Pin=P?-1
Added Pin To Net: NetName=GND Pin=P?-2
Added Pin To Net: NetName=A1 Pin=P?-4
Added Pin To Net: NetName=GND Pin=P?-5
Added Pin To Net: NetName=V+ Pin=P?-7
Added Pin To Net: NetName=GND Pin=P?-8
Added Pin To Net: NetName=NC1 Pin=P?-6
Added Net: Name=NC1
Added Pin To Net: NetName=NC2 Pin=P?-3
Added Net: Name=NC2
Added Member To Class: ClassName=“£øÿ Member=Component P? Header 8
