Added Component: Designator=RF1(CONN-SMD_GT-RF1125A-01G)
Add component (AddParameter): Name = "Add into BOM"; Value = "yes"; VariantName = "[No Variations]"
Add component (AddParameter): Name = "Connector Type"; Value = "∞Â∂À"; VariantName = "[No Variations]"
Add component (AddParameter): Name = "Convert to PCB"; Value = "yes"; VariantName = "[No Variations]"
Add component (AddParameter): Name = "Datasheet"; Value = "https://atta.szlcsc.com/upload/public/pdf/source/20240806/E29158DC2BBCFBE0FBB4FF318E1913A6.pdf"; VariantName = "[No Variations]"
Add component (AddParameter): Name = "Device"; Value = "GT-RF1125A-01G"; VariantName = "[No Variations]"
Add component (AddParameter): Name = "Impedance"; Value = "20m¶∏"; VariantName = "[No Variations]"
Add component (AddParameter): Name = "Interface"; Value = "ƒ⁄’Î"; VariantName = "[No Variations]"
Add component (AddParameter): Name = "Interface Diameter"; Value = "2mm"; VariantName = "[No Variations]"
Add component (AddParameter): Name = "Interface Length/Height"; Value = "1.25mm"; VariantName = "[No Variations]"
Add component (AddParameter): Name = "JLCPCB Part Class"; Value = "Extended Part"; VariantName = "[No Variations]"
Add component (AddParameter): Name = "LCSC Part Name"; Value = "ƒ⁄’Î IPEX ¡¢Ã˘"; VariantName = "[No Variations]"
Add component (AddParameter): Name = "Manufacturer"; Value = "G-Switch(∆∑‘ﬁ)"; VariantName = "[No Variations]"
Add component (AddParameter): Name = "Manufacturer Part"; Value = "GT-RF1125A-01G"; VariantName = "[No Variations]"
Add component (AddParameter): Name = "Number of Ports"; Value = "1"; VariantName = "[No Variations]"
Add component (AddParameter): Name = "Operating Temperature Range"; Value = "-40°Ê~+90°Ê"; VariantName = "[No Variations]"
Add component (AddParameter): Name = "RF Series"; Value = "IPEX"; VariantName = "[No Variations]"
Add component (AddParameter): Name = "Style"; Value = "¡¢Ã˘"; VariantName = "[No Variations]"
Add component (AddParameter): Name = "Supplier"; Value = "LCSC"; VariantName = "[No Variations]"
Add component (AddParameter): Name = "Supplier Footprint"; Value = "SMD"; VariantName = "[No Variations]"
Add component (AddParameter): Name = "Supplier Part"; Value = "C5299419"; VariantName = "[No Variations]"
Add component (AddParameter): Name = "Symbol"; Value = "GT-RF1125A-01G"; VariantName = "[No Variations]"
Add component (AddParameter): Name = "Value"; Value = "6GHz"; VariantName = "[No Variations]"
Added Member To Class: ClassName=“£øÿ Member=Component RF1 6GHz
