Added Component: Designator=C3(25V100UF-ZC)
Add component (AddParameter): Name = "Manufacturer"; Value = "ValuePro"; VariantName = "[No Variations]"
Add component (AddParameter): Name = "Manufacturer Part"; Value = "470uF 35V 10*15Green high frequency"; VariantName = "[No Variations]"
Add component (AddParameter): Name = "nameAlias"; Value = "Capacitance"; VariantName = "[No Variations]"
Add component (AddParameter): Name = "spicePre"; Value = "C"; VariantName = "[No Variations]"
Add component (AddParameter): Name = "spiceSymbolName"; Value = "470uF 35V 10*15Green high frequency"; VariantName = "[No Variations]"
Add component (AddParameter): Name = "Supplier"; Value = "LCSC"; VariantName = "[No Variations]"
Add component (AddParameter): Name = "Supplier Part"; Value = "C45081"; VariantName = "[No Variations]"
Added Component: Designator=K1(SW_PB2_A1)
Add component (AddParameter): Name = "LatestRevisionDate"; Value = "17-Jul-2002"; VariantName = "[No Variations]"
Add component (AddParameter): Name = "LatestRevisionNote"; Value = "Re-released for DXP Platform."; VariantName = "[No Variations]"
Add component (AddParameter): Name = "PackageReference"; Value = "SPST-2"; VariantName = "[No Variations]"
Add component (AddParameter): Name = "Published"; Value = "24-Mar-1999"; VariantName = "[No Variations]"
Add component (AddParameter): Name = "Publisher"; Value = "Altium Limited"; VariantName = "[No Variations]"
Add component (AddParameter): Name = "Suppliter Part"; Value = "C961737"; VariantName = "[No Variations]"
Added Pin To Net: NetName=+5V Pin=C3-1
Added Pin To Net: NetName=GND Pin=C3-2
Added Pin To Net: NetName=VT Pin=K1-1
Added Pin To Net: NetName=+5V Pin=K1-2
Added Member To Class: ClassName=ŇŁżŘ Member=Component C3 100uF/10V
Added Member To Class: ClassName=ŇŁżŘ Member=Component K1 SW-PB
