Added Component: Designator=C1(1206)
Add component (AddParameter): Name = "LatestRevisionDate"; Value = "17-Jul-2002"; VariantName = "[No Variations]"
Add component (AddParameter): Name = "LatestRevisionNote"; Value = "Re-released for DXP Platform."; VariantName = "[No Variations]"
Add component (AddParameter): Name = "PackageReference"; Value = "RAD-0.3"; VariantName = "[No Variations]"
Add component (AddParameter): Name = "Published"; Value = "8-Jun-2000"; VariantName = "[No Variations]"
Add component (AddParameter): Name = "Publisher"; Value = "Altium Limited"; VariantName = "[No Variations]"
Add component (AddParameter): Name = "Value"; Value = "10uF/50V/1206"; VariantName = "[No Variations]"
Added Component: Designator=C2(0402)
Add component (AddParameter): Name = "LatestRevisionDate"; Value = "17-Jul-2002"; VariantName = "[No Variations]"
Add component (AddParameter): Name = "LatestRevisionNote"; Value = "Re-released for DXP Platform."; VariantName = "[No Variations]"
Add component (AddParameter): Name = "PackageReference"; Value = "RAD-0.3"; VariantName = "[No Variations]"
Add component (AddParameter): Name = "Published"; Value = "8-Jun-2000"; VariantName = "[No Variations]"
Add component (AddParameter): Name = "Publisher"; Value = "Altium Limited"; VariantName = "[No Variations]"
Add component (AddParameter): Name = "Value"; Value = "100nF/50V/0402"; VariantName = "[No Variations]"
Added Component: Designator=C3(1206)
Add component (AddParameter): Name = "LatestRevisionDate"; Value = "17-Jul-2002"; VariantName = "[No Variations]"
Add component (AddParameter): Name = "LatestRevisionNote"; Value = "Re-released for DXP Platform."; VariantName = "[No Variations]"
Add component (AddParameter): Name = "PackageReference"; Value = "RAD-0.3"; VariantName = "[No Variations]"
Add component (AddParameter): Name = "Published"; Value = "8-Jun-2000"; VariantName = "[No Variations]"
Add component (AddParameter): Name = "Publisher"; Value = "Altium Limited"; VariantName = "[No Variations]"
Add component (AddParameter): Name = "Value"; Value = "10uF/50V/1206"; VariantName = "[No Variations]"
Added Component: Designator=C4(0402)
Add component (AddParameter): Name = "LatestRevisionDate"; Value = "17-Jul-2002"; VariantName = "[No Variations]"
Add component (AddParameter): Name = "LatestRevisionNote"; Value = "Re-released for DXP Platform."; VariantName = "[No Variations]"
Add component (AddParameter): Name = "PackageReference"; Value = "RAD-0.3"; VariantName = "[No Variations]"
Add component (AddParameter): Name = "Published"; Value = "8-Jun-2000"; VariantName = "[No Variations]"
Add component (AddParameter): Name = "Publisher"; Value = "Altium Limited"; VariantName = "[No Variations]"
Add component (AddParameter): Name = "Value"; Value = "100nF/50V/0402"; VariantName = "[No Variations]"
Added Component: Designator=C5(CAP-0603)
Add component (AddParameter): Name = "LatestRevisionDate"; Value = "17-Jul-2002"; VariantName = "[No Variations]"
Add component (AddParameter): Name = "LatestRevisionNote"; Value = "Re-released for DXP Platform."; VariantName = "[No Variations]"
Add component (AddParameter): Name = "PackageReference"; Value = "RAD-0.3"; VariantName = "[No Variations]"
Add component (AddParameter): Name = "Published"; Value = "8-Jun-2000"; VariantName = "[No Variations]"
Add component (AddParameter): Name = "Publisher"; Value = "Altium Limited"; VariantName = "[No Variations]"
Add component (AddParameter): Name = "Value"; Value = "100nF/16V/0603"; VariantName = "[No Variations]"
Added Component: Designator=C6(CAP-0805)
Add component (AddParameter): Name = "LatestRevisionDate"; Value = "17-Jul-2002"; VariantName = "[No Variations]"
Add component (AddParameter): Name = "LatestRevisionNote"; Value = "Re-released for DXP Platform."; VariantName = "[No Variations]"
Add component (AddParameter): Name = "PackageReference"; Value = "RAD-0.3"; VariantName = "[No Variations]"
Add component (AddParameter): Name = "Published"; Value = "8-Jun-2000"; VariantName = "[No Variations]"
Add component (AddParameter): Name = "Publisher"; Value = "Altium Limited"; VariantName = "[No Variations]"
Add component (AddParameter): Name = "Value"; Value = "10uF/50V/0805"; VariantName = "[No Variations]"
Added Component: Designator=C7(CAP-0603)
Add component (AddParameter): Name = "LatestRevisionDate"; Value = "17-Jul-2002"; VariantName = "[No Variations]"
Add component (AddParameter): Name = "LatestRevisionNote"; Value = "Re-released for DXP Platform."; VariantName = "[No Variations]"
Add component (AddParameter): Name = "PackageReference"; Value = "RAD-0.3"; VariantName = "[No Variations]"
Add component (AddParameter): Name = "Published"; Value = "8-Jun-2000"; VariantName = "[No Variations]"
Add component (AddParameter): Name = "Publisher"; Value = "Altium Limited"; VariantName = "[No Variations]"
Add component (AddParameter): Name = "Value"; Value = "22pF/16V/0603"; VariantName = "[No Variations]"
Added Component: Designator=C8(CAP-0603)
Add component (AddParameter): Name = "LatestRevisionDate"; Value = "17-Jul-2002"; VariantName = "[No Variations]"
Add component (AddParameter): Name = "LatestRevisionNote"; Value = "Re-released for DXP Platform."; VariantName = "[No Variations]"
Add component (AddParameter): Name = "PackageReference"; Value = "RAD-0.3"; VariantName = "[No Variations]"
Add component (AddParameter): Name = "Published"; Value = "8-Jun-2000"; VariantName = "[No Variations]"
Add component (AddParameter): Name = "Publisher"; Value = "Altium Limited"; VariantName = "[No Variations]"
Add component (AddParameter): Name = "Value"; Value = "22pF/16V/0603"; VariantName = "[No Variations]"
Added Component: Designator=C9(CAP-0805)
Add component (AddParameter): Name = "LatestRevisionDate"; Value = "17-Jul-2002"; VariantName = "[No Variations]"
Add component (AddParameter): Name = "LatestRevisionNote"; Value = "Re-released for DXP Platform."; VariantName = "[No Variations]"
Add component (AddParameter): Name = "PackageReference"; Value = "RAD-0.3"; VariantName = "[No Variations]"
Add component (AddParameter): Name = "Published"; Value = "8-Jun-2000"; VariantName = "[No Variations]"
Add component (AddParameter): Name = "Publisher"; Value = "Altium Limited"; VariantName = "[No Variations]"
Add component (AddParameter): Name = "Value"; Value = "10uF/50V/0805"; VariantName = "[No Variations]"
Added Component: Designator=C10(CAP-0603)
Add component (AddParameter): Name = "LatestRevisionDate"; Value = "17-Jul-2002"; VariantName = "[No Variations]"
Add component (AddParameter): Name = "LatestRevisionNote"; Value = "Re-released for DXP Platform."; VariantName = "[No Variations]"
Add component (AddParameter): Name = "PackageReference"; Value = "RAD-0.3"; VariantName = "[No Variations]"
Add component (AddParameter): Name = "Published"; Value = "8-Jun-2000"; VariantName = "[No Variations]"
Add component (AddParameter): Name = "Publisher"; Value = "Altium Limited"; VariantName = "[No Variations]"
Add component (AddParameter): Name = "Value"; Value = "100nF/16V/0603"; VariantName = "[No Variations]"
Added Component: Designator=D1(DIODE-1206)
Add component (AddParameter): Name = "Code_JEDEC"; Value = "DO-214-AA"; VariantName = "[No Variations]"
Add component (AddParameter): Name = "LatestRevisionDate"; Value = "17-Jul-2002"; VariantName = "[No Variations]"
Add component (AddParameter): Name = "LatestRevisionNote"; Value = "Re-released for DXP Platform."; VariantName = "[No Variations]"
Add component (AddParameter): Name = "PackageReference"; Value = "SMB"; VariantName = "[No Variations]"
Add component (AddParameter): Name = "Published"; Value = "8-Jun-2000"; VariantName = "[No Variations]"
Add component (AddParameter): Name = "Publisher"; Value = "Altium Limited"; VariantName = "[No Variations]"
Add component (AddParameter): Name = "Value"; Value = "12V"; VariantName = "[No Variations]"
Added Component: Designator=D2(SOT-23-3_L2.9-W1.3-P1.90-LS2.4-BR)
Add component (AddParameter): Name = "Symbol"; Value = "SM712-02HTG_C3008057"; VariantName = "[No Variations]"
Added Component: Designator=LED1(LED_0805)
Add component (AddParameter): Name = "LatestRevisionDate"; Value = "08-Jul-2005"; VariantName = "[No Variations]"
Add component (AddParameter): Name = "LatestRevisionNote"; Value = "Mech Layer 1 removed."; VariantName = "[No Variations]"
Add component (AddParameter): Name = "PackageReference"; Value = "LED-0"; VariantName = "[No Variations]"
Add component (AddParameter): Name = "Published"; Value = "8-Jun-2000"; VariantName = "[No Variations]"
Add component (AddParameter): Name = "Publisher"; Value = "Altium Limited"; VariantName = "[No Variations]"
Added Component: Designator=LED2(LED_0805)
Add component (AddParameter): Name = "LatestRevisionDate"; Value = "08-Jul-2005"; VariantName = "[No Variations]"
Add component (AddParameter): Name = "LatestRevisionNote"; Value = "Mech Layer 1 removed."; VariantName = "[No Variations]"
Add component (AddParameter): Name = "PackageReference"; Value = "LED-0"; VariantName = "[No Variations]"
Add component (AddParameter): Name = "Published"; Value = "8-Jun-2000"; VariantName = "[No Variations]"
Add component (AddParameter): Name = "Publisher"; Value = "Altium Limited"; VariantName = "[No Variations]"
Added Component: Designator=P1(Header_4X1_2.54_ĹĹŐë)
Add component (AddParameter): Name = "LatestRevisionDate"; Value = "17-Jul-2002"; VariantName = "[No Variations]"
Add component (AddParameter): Name = "LatestRevisionNote"; Value = "Re-released for DXP Platform."; VariantName = "[No Variations]"
Add component (AddParameter): Name = "Publisher"; Value = "Altium Limited"; VariantName = "[No Variations]"
Added Component: Designator=P2(Header_4X1_2.54_ĹĹŐë)
Add component (AddParameter): Name = "LatestRevisionDate"; Value = "17-Jul-2002"; VariantName = "[No Variations]"
Add component (AddParameter): Name = "LatestRevisionNote"; Value = "Re-released for DXP Platform."; VariantName = "[No Variations]"
Add component (AddParameter): Name = "Publisher"; Value = "Altium Limited"; VariantName = "[No Variations]"
Added Component: Designator=P3(Header_PHD_10x2_2.0)
Added Component: Designator=P4(Header_PHD_10x2_2.0)
Added Component: Designator=R1(0603)
Add component (AddParameter): Name = "LatestRevisionDate"; Value = "17-Jul-2002"; VariantName = "[No Variations]"
Add component (AddParameter): Name = "LatestRevisionNote"; Value = "Re-released for DXP Platform."; VariantName = "[No Variations]"
Add component (AddParameter): Name = "PackageReference"; Value = "AXIAL-0.4"; VariantName = "[No Variations]"
Add component (AddParameter): Name = "Published"; Value = "8-Jun-2000"; VariantName = "[No Variations]"
Add component (AddParameter): Name = "Publisher"; Value = "Altium Limited"; VariantName = "[No Variations]"
Add component (AddParameter): Name = "Value"; Value = "10K/1%/0603"; VariantName = "[No Variations]"
Added Component: Designator=R2(0603)
Add component (AddParameter): Name = "LatestRevisionDate"; Value = "17-Jul-2002"; VariantName = "[No Variations]"
Add component (AddParameter): Name = "LatestRevisionNote"; Value = "Re-released for DXP Platform."; VariantName = "[No Variations]"
Add component (AddParameter): Name = "PackageReference"; Value = "AXIAL-0.4"; VariantName = "[No Variations]"
Add component (AddParameter): Name = "Published"; Value = "8-Jun-2000"; VariantName = "[No Variations]"
Add component (AddParameter): Name = "Publisher"; Value = "Altium Limited"; VariantName = "[No Variations]"
Add component (AddParameter): Name = "Value"; Value = "10K/1%/0603"; VariantName = "[No Variations]"
Added Component: Designator=R3(0603)
Add component (AddParameter): Name = "LatestRevisionDate"; Value = "17-Jul-2002"; VariantName = "[No Variations]"
Add component (AddParameter): Name = "LatestRevisionNote"; Value = "Re-released for DXP Platform."; VariantName = "[No Variations]"
Add component (AddParameter): Name = "PackageReference"; Value = "AXIAL-0.4"; VariantName = "[No Variations]"
Add component (AddParameter): Name = "Published"; Value = "8-Jun-2000"; VariantName = "[No Variations]"
Add component (AddParameter): Name = "Publisher"; Value = "Altium Limited"; VariantName = "[No Variations]"
Add component (AddParameter): Name = "Value"; Value = "1M/1%/0603"; VariantName = "[No Variations]"
Added Component: Designator=R4(0603)
Add component (AddParameter): Name = "LatestRevisionDate"; Value = "17-Jul-2002"; VariantName = "[No Variations]"
Add component (AddParameter): Name = "LatestRevisionNote"; Value = "Re-released for DXP Platform."; VariantName = "[No Variations]"
Add component (AddParameter): Name = "PackageReference"; Value = "AXIAL-0.4"; VariantName = "[No Variations]"
Add component (AddParameter): Name = "Published"; Value = "8-Jun-2000"; VariantName = "[No Variations]"
Add component (AddParameter): Name = "Publisher"; Value = "Altium Limited"; VariantName = "[No Variations]"
Add component (AddParameter): Name = "Value"; Value = "120R/1%/0603"; VariantName = "[No Variations]"
Added Component: Designator=R5(0603)
Add component (AddParameter): Name = "LatestRevisionDate"; Value = "17-Jul-2002"; VariantName = "[No Variations]"
Add component (AddParameter): Name = "LatestRevisionNote"; Value = "Re-released for DXP Platform."; VariantName = "[No Variations]"
Add component (AddParameter): Name = "PackageReference"; Value = "AXIAL-0.4"; VariantName = "[No Variations]"
Add component (AddParameter): Name = "Published"; Value = "8-Jun-2000"; VariantName = "[No Variations]"
Add component (AddParameter): Name = "Publisher"; Value = "Altium Limited"; VariantName = "[No Variations]"
Add component (AddParameter): Name = "Value"; Value = "10K/1%/0603"; VariantName = "[No Variations]"
Added Component: Designator=R6(0603)
Add component (AddParameter): Name = "LatestRevisionDate"; Value = "17-Jul-2002"; VariantName = "[No Variations]"
Add component (AddParameter): Name = "LatestRevisionNote"; Value = "Re-released for DXP Platform."; VariantName = "[No Variations]"
Add component (AddParameter): Name = "PackageReference"; Value = "AXIAL-0.4"; VariantName = "[No Variations]"
Add component (AddParameter): Name = "Published"; Value = "8-Jun-2000"; VariantName = "[No Variations]"
Add component (AddParameter): Name = "Publisher"; Value = "Altium Limited"; VariantName = "[No Variations]"
Add component (AddParameter): Name = "Value"; Value = "10K/1%/0603"; VariantName = "[No Variations]"
Added Component: Designator=R7(0603)
Add component (AddParameter): Name = "LatestRevisionDate"; Value = "17-Jul-2002"; VariantName = "[No Variations]"
Add component (AddParameter): Name = "LatestRevisionNote"; Value = "Re-released for DXP Platform."; VariantName = "[No Variations]"
Add component (AddParameter): Name = "PackageReference"; Value = "AXIAL-0.4"; VariantName = "[No Variations]"
Add component (AddParameter): Name = "Published"; Value = "8-Jun-2000"; VariantName = "[No Variations]"
Add component (AddParameter): Name = "Publisher"; Value = "Altium Limited"; VariantName = "[No Variations]"
Add component (AddParameter): Name = "Value"; Value = "10K/1%/0603"; VariantName = "[No Variations]"
Added Component: Designator=SW1(SW-SMD_2P-L3.5-W6.1-P2.54-LS9.8)
Add component (AddParameter): Name = "Symbol"; Value = "DSIC01LS-P_C600988"; VariantName = "[No Variations]"
Added Component: Designator=U1(SOT89)
Add component (AddParameter): Name = "Symbol"; Value = "7333-1"; VariantName = "[No Variations]"
Added Component: Designator=U3(LQFP48_STM32F103C)
Add component (AddParameter): Name = "Symbol"; Value = "STM32F103C8T6"; VariantName = "[No Variations]"
Added Component: Designator=Y1(CRYSTAL-SMD_L5.0-W3.2)
Add component (AddParameter): Name = "LatestRevisionDate"; Value = "17-Jul-2002"; VariantName = "[No Variations]"
Add component (AddParameter): Name = "LatestRevisionNote"; Value = "Re-released for DXP Platform."; VariantName = "[No Variations]"
Add component (AddParameter): Name = "PackageReference"; Value = "R38"; VariantName = "[No Variations]"
Add component (AddParameter): Name = "Published"; Value = "8-Jun-2000"; VariantName = "[No Variations]"
Add component (AddParameter): Name = "Publisher"; Value = "Altium Limited"; VariantName = "[No Variations]"
Add component (AddParameter): Name = "Value"; Value = "8M"; VariantName = "[No Variations]"
Added Pin To Net: NetName=3.3V Pin=C2-1
Added Pin To Net: NetName=3.3V Pin=C3-2
Added Pin To Net: NetName=3.3V Pin=C5-1
Added Pin To Net: NetName=3.3V Pin=C10-1
Added Pin To Net: NetName=3.3V Pin=LED1-2
Added Pin To Net: NetName=3.3V Pin=LED2-2
Added Pin To Net: NetName=3.3V Pin=P1-1
Added Pin To Net: NetName=3.3V Pin=P3-20
Added Pin To Net: NetName=3.3V Pin=P4-20
Added Pin To Net: NetName=3.3V Pin=R5-2
Added Pin To Net: NetName=3.3V Pin=R6-2
Added Pin To Net: NetName=3.3V Pin=R7-2
Added Pin To Net: NetName=3.3V Pin=U1-3
Added Pin To Net: NetName=3.3V Pin=U3-24
Added Pin To Net: NetName=3.3V Pin=U3-36
Added Pin To Net: NetName=3.3V Pin=U3-48
Added Net: Name=3.3V
Added Pin To Net: NetName=CANH Pin=D2-1
Added Pin To Net: NetName=CANH Pin=P2-3
Added Pin To Net: NetName=CANH Pin=R4-2
Added Pin To Net: NetName=CANH Pin=SW1-1
Added Pin To Net: NetName=CANH Pin=SW1-2
Added Net: Name=CANH
Added Pin To Net: NetName=CANL Pin=D2-2
Added Pin To Net: NetName=CANL Pin=P2-4
Added Pin To Net: NetName=CANL Pin=R4-1
Added Net: Name=CANL
Added Pin To Net: NetName=GND Pin=C1-2
Added Pin To Net: NetName=GND Pin=C2-2
Added Pin To Net: NetName=GND Pin=C3-1
Added Pin To Net: NetName=GND Pin=C4-2
Added Pin To Net: NetName=GND Pin=C5-2
Added Pin To Net: NetName=GND Pin=C6-1
Added Pin To Net: NetName=GND Pin=C7-2
Added Pin To Net: NetName=GND Pin=C8-2
Added Pin To Net: NetName=GND Pin=C9-2
Added Pin To Net: NetName=GND Pin=C10-2
Added Pin To Net: NetName=GND Pin=D2-3
Added Pin To Net: NetName=GND Pin=P1-2
Added Pin To Net: NetName=GND Pin=P2-2
Added Pin To Net: NetName=GND Pin=P3-11
Added Pin To Net: NetName=GND Pin=P3-12
Added Pin To Net: NetName=GND Pin=P3-13
Added Pin To Net: NetName=GND Pin=P3-14
Added Pin To Net: NetName=GND Pin=P3-15
Added Pin To Net: NetName=GND Pin=P3-16
Added Pin To Net: NetName=GND Pin=P3-17
Added Pin To Net: NetName=GND Pin=P3-18
Added Pin To Net: NetName=GND Pin=P3-19
Added Pin To Net: NetName=GND Pin=P4-11
Added Pin To Net: NetName=GND Pin=P4-12
Added Pin To Net: NetName=GND Pin=P4-13
Added Pin To Net: NetName=GND Pin=P4-14
Added Pin To Net: NetName=GND Pin=P4-15
Added Pin To Net: NetName=GND Pin=P4-16
Added Pin To Net: NetName=GND Pin=P4-17
Added Pin To Net: NetName=GND Pin=P4-18
Added Pin To Net: NetName=GND Pin=P4-19
Added Pin To Net: NetName=GND Pin=U1-1
Added Pin To Net: NetName=GND Pin=U3-23
Added Pin To Net: NetName=GND Pin=U3-35
Added Pin To Net: NetName=GND Pin=U3-47
Added Net: Name=GND
Added Pin To Net: NetName=NetC6_2 Pin=C6-2
Added Pin To Net: NetName=NetC6_2 Pin=U3-1
Added Net: Name=NetC6_2
Added Pin To Net: NetName=NetC7_1 Pin=C7-1
Added Pin To Net: NetName=NetC7_1 Pin=R3-2
Added Pin To Net: NetName=NetC7_1 Pin=U3-5
Added Pin To Net: NetName=NetC7_1 Pin=Y1-1
Added Net: Name=NetC7_1
Added Pin To Net: NetName=NetC8_1 Pin=C8-1
Added Pin To Net: NetName=NetC8_1 Pin=R3-1
Added Pin To Net: NetName=NetC8_1 Pin=U3-6
Added Pin To Net: NetName=NetC8_1 Pin=Y1-2
Added Net: Name=NetC8_1
Added Pin To Net: NetName=NetC9_1 Pin=C9-1
Added Pin To Net: NetName=NetC9_1 Pin=R5-1
Added Pin To Net: NetName=NetC9_1 Pin=U3-7
Added Net: Name=NetC9_1
Added Pin To Net: NetName=NetD1_1 Pin=D1-1
Added Pin To Net: NetName=NetD1_1 Pin=P2-1
Added Net: Name=NetD1_1
Added Pin To Net: NetName=NetLED1_1 Pin=LED1-1
Added Pin To Net: NetName=NetLED1_1 Pin=R1-2
Added Net: Name=NetLED1_1
Added Pin To Net: NetName=NetLED2_1 Pin=LED2-1
Added Pin To Net: NetName=NetLED2_1 Pin=R2-2
Added Net: Name=NetLED2_1
Added Pin To Net: NetName=NetR2_1 Pin=R2-1
Added Pin To Net: NetName=NetR2_1 Pin=U3-2
Added Net: Name=NetR2_1
Added Pin To Net: NetName=PA0 Pin=P3-10
Added Pin To Net: NetName=PA0 Pin=R6-1
Added Pin To Net: NetName=PA0 Pin=U3-10
Added Net: Name=PA0
Added Pin To Net: NetName=PA1 Pin=P3-9
Added Pin To Net: NetName=PA1 Pin=R7-1
Added Pin To Net: NetName=PA1 Pin=U3-11
Added Net: Name=PA1
Added Pin To Net: NetName=PA2 Pin=P3-8
Added Pin To Net: NetName=PA2 Pin=U3-12
Added Net: Name=PA2
Added Pin To Net: NetName=PA3 Pin=P3-7
Added Pin To Net: NetName=PA3 Pin=U3-13
Added Net: Name=PA3
Added Pin To Net: NetName=PA4 Pin=P3-6
Added Pin To Net: NetName=PA4 Pin=U3-14
Added Net: Name=PA4
Added Pin To Net: NetName=PA5 Pin=P3-5
Added Pin To Net: NetName=PA5 Pin=U3-15
Added Net: Name=PA5
Added Pin To Net: NetName=PA6 Pin=P3-4
Added Pin To Net: NetName=PA6 Pin=U3-16
Added Net: Name=PA6
Added Pin To Net: NetName=PA7 Pin=P3-3
Added Pin To Net: NetName=PA7 Pin=U3-17
Added Net: Name=PA7
Added Pin To Net: NetName=PA9 Pin=P4-1
Added Pin To Net: NetName=PA9 Pin=U3-30
Added Net: Name=PA9
Added Pin To Net: NetName=PA10 Pin=P4-2
Added Pin To Net: NetName=PA10 Pin=U3-31
Added Net: Name=PA10
Added Pin To Net: NetName=PA11 Pin=P4-10
Added Pin To Net: NetName=PA11 Pin=U3-32
Added Net: Name=PA11
Added Pin To Net: NetName=PA12 Pin=P4-9
Added Pin To Net: NetName=PA12 Pin=U3-33
Added Net: Name=PA12
Added Pin To Net: NetName=PA15 Pin=P4-5
Added Pin To Net: NetName=PA15 Pin=U3-38
Added Net: Name=PA15
Added Pin To Net: NetName=PB0 Pin=P3-2
Added Pin To Net: NetName=PB0 Pin=U3-18
Added Net: Name=PB0
Added Pin To Net: NetName=PB1 Pin=P3-1
Added Pin To Net: NetName=PB1 Pin=U3-19
Added Net: Name=PB1
Added Pin To Net: NetName=PB5 Pin=P4-6
Added Pin To Net: NetName=PB5 Pin=U3-41
Added Net: Name=PB5
Added Pin To Net: NetName=PB6 Pin=P4-7
Added Pin To Net: NetName=PB6 Pin=U3-42
Added Net: Name=PB6
Added Pin To Net: NetName=PB7 Pin=P4-8
Added Pin To Net: NetName=PB7 Pin=U3-43
Added Net: Name=PB7
Added Pin To Net: NetName=PB8 Pin=U3-45
Added Net: Name=PB8
Added Pin To Net: NetName=PB9 Pin=U3-46
Added Net: Name=PB9
Added Pin To Net: NetName=PB10 Pin=P4-4
Added Pin To Net: NetName=PB10 Pin=U3-21
Added Net: Name=PB10
Added Pin To Net: NetName=PB11 Pin=P4-3
Added Pin To Net: NetName=PB11 Pin=U3-22
Added Net: Name=PB11
Added Pin To Net: NetName=SWCLK Pin=P1-3
Added Pin To Net: NetName=SWCLK Pin=U3-37
Added Net: Name=SWCLK
Added Pin To Net: NetName=SWDIO Pin=P1-4
Added Pin To Net: NetName=SWDIO Pin=U3-34
Added Net: Name=SWDIO
Added Pin To Net: NetName=VIN Pin=C1-1
Added Pin To Net: NetName=VIN Pin=C4-1
Added Pin To Net: NetName=VIN Pin=D1-2
Added Pin To Net: NetName=VIN Pin=U1-2
Added Pin To Net: NetName=VIN Pin=U1-2
Added Net: Name=VIN
Added Class: Name=CAN×ŞIO
