Removed Pin From Net: NetName=PB1 Pin=P3-1
Removed Pin From Net: NetName=PB0 Pin=P3-2
Removed Pin From Net: NetName=PA7 Pin=P3-3
Removed Pin From Net: NetName=PA6 Pin=P3-4
Removed Pin From Net: NetName=PA5 Pin=P3-5
Removed Pin From Net: NetName=PA4 Pin=P3-6
Removed Pin From Net: NetName=PA3 Pin=P3-7
Removed Pin From Net: NetName=PA2 Pin=P3-8
Removed Pin From Net: NetName=PA1 Pin=P3-9
Removed Pin From Net: NetName=PA0 Pin=P3-10
Removed Pin From Net: NetName=GND Pin=P3-11
Removed Pin From Net: NetName=GND Pin=P3-12
Removed Pin From Net: NetName=GND Pin=P3-13
Removed Pin From Net: NetName=GND Pin=P3-14
Removed Pin From Net: NetName=GND Pin=P3-15
Removed Pin From Net: NetName=GND Pin=P3-16
Removed Pin From Net: NetName=GND Pin=P3-17
Removed Pin From Net: NetName=GND Pin=P3-18
Removed Pin From Net: NetName=GND Pin=P3-19
Removed Pin From Net: NetName=3.3V Pin=P3-20
Removed Pin From Net: NetName=PA9 Pin=P4-1
Removed Pin From Net: NetName=PA10 Pin=P4-2
Removed Pin From Net: NetName=PB11 Pin=P4-3
Removed Pin From Net: NetName=PB10 Pin=P4-4
Removed Pin From Net: NetName=PA15 Pin=P4-5
Removed Pin From Net: NetName=PB5 Pin=P4-6
Removed Pin From Net: NetName=PB6 Pin=P4-7
Removed Pin From Net: NetName=PB7 Pin=P4-8
Removed Pin From Net: NetName=PA12 Pin=P4-9
Removed Pin From Net: NetName=PA11 Pin=P4-10
Removed Pin From Net: NetName=GND Pin=P4-11
Removed Pin From Net: NetName=GND Pin=P4-12
Removed Pin From Net: NetName=GND Pin=P4-13
Removed Pin From Net: NetName=GND Pin=P4-14
Removed Pin From Net: NetName=GND Pin=P4-15
Removed Pin From Net: NetName=GND Pin=P4-16
Removed Pin From Net: NetName=GND Pin=P4-17
Removed Pin From Net: NetName=GND Pin=P4-18
Removed Pin From Net: NetName=GND Pin=P4-19
Removed Pin From Net: NetName=3.3V Pin=P4-20
Removed Pin From Net: NetName=CANL Pin=R4-1
Removed Pin From Net: NetName=CANH Pin=SW1-1
Added Pin To Net: NetName=3.3V Pin=P3-1
Added Pin To Net: NetName=GND Pin=P3-2
Added Pin To Net: NetName=GND Pin=P3-3
Added Pin To Net: NetName=GND Pin=P3-4
Added Pin To Net: NetName=GND Pin=P3-5
Added Pin To Net: NetName=GND Pin=P3-6
Added Pin To Net: NetName=GND Pin=P3-7
Added Pin To Net: NetName=GND Pin=P3-8
Added Pin To Net: NetName=GND Pin=P3-9
Added Pin To Net: NetName=GND Pin=P3-10
Added Pin To Net: NetName=PA0 Pin=P3-11
Added Pin To Net: NetName=PA1 Pin=P3-12
Added Pin To Net: NetName=PA2 Pin=P3-13
Added Pin To Net: NetName=PA3 Pin=P3-14
Added Pin To Net: NetName=PA4 Pin=P3-15
Added Pin To Net: NetName=PA5 Pin=P3-16
Added Pin To Net: NetName=PA6 Pin=P3-17
Added Pin To Net: NetName=PA7 Pin=P3-18
Added Pin To Net: NetName=PB0 Pin=P3-19
Added Pin To Net: NetName=PB1 Pin=P3-20
Added Pin To Net: NetName=3.3V Pin=P4-1
Added Pin To Net: NetName=GND Pin=P4-2
Added Pin To Net: NetName=GND Pin=P4-3
Added Pin To Net: NetName=GND Pin=P4-4
Added Pin To Net: NetName=GND Pin=P4-5
Added Pin To Net: NetName=GND Pin=P4-6
Added Pin To Net: NetName=GND Pin=P4-7
Added Pin To Net: NetName=GND Pin=P4-8
Added Pin To Net: NetName=GND Pin=P4-9
Added Pin To Net: NetName=GND Pin=P4-10
Added Pin To Net: NetName=PA11 Pin=P4-11
Added Pin To Net: NetName=PA12 Pin=P4-12
Added Pin To Net: NetName=PB7 Pin=P4-13
Added Pin To Net: NetName=PB6 Pin=P4-14
Added Pin To Net: NetName=PB5 Pin=P4-15
Added Pin To Net: NetName=PA15 Pin=P4-16
Added Pin To Net: NetName=PB10 Pin=P4-17
Added Pin To Net: NetName=PB11 Pin=P4-18
Added Pin To Net: NetName=PA10 Pin=P4-19
Added Pin To Net: NetName=PA9 Pin=P4-20
Added Pin To Net: NetName=NetR4_1 Pin=R4-1
Added Pin To Net: NetName=NetR4_1 Pin=SW1-1
Added Net: Name=NetR4_1
