Removed Pin From Net: NetName=PA11 Pin=-3
Removed Pin From Net: NetName=PA12 Pin=-4
Removed Pin From Net: NetName=PB7 Pin=-5
Removed Pin From Net: NetName=PB6 Pin=-6
Removed Pin From Net: NetName=PB5 Pin=-7
Removed Pin From Net: NetName=PA15 Pin=-8
Removed Pin From Net: NetName=PB10 Pin=-9
Removed Pin From Net: NetName=PB11 Pin=-10
Change Component Comment : Designator= Old Comment= New Comment=1M/1%/0402
Change Component Comment : Designator= Old Comment= New Comment=10K/1%/0402
Change Component Comment : Designator= Old Comment= New Comment=10K/1%/0402
Change Component Comment : Designator= Old Comment= New Comment=10K/1%/0402
Change Component Comment : Designator= Old Comment= New Comment=10uF/50V/0402
Change Component Comment : Designator= Old Comment= New Comment=10uF/50V/0805
Change Component Comment : Designator= Old Comment= New Comment=10uF/50V/0805
Change Component Comment : Designator= Old Comment= New Comment=22pF/16V/0402
Change Component Comment : Designator= Old Comment= New Comment=22pF/16V/0402
Change Component Comment : Designator= Old Comment= New Comment=100nF/16V/0402
Change Component Comment : Designator= Old Comment= New Comment=100nF/16V/0402
Change Component Comment : Designator= Old Comment= New Comment=100nF/50V/0402
Change Component Comment : Designator= Old Comment= New Comment=100nF/50V/0402
Change Component Comment : Designator= Old Comment= New Comment=100nF/50V/0402
Change Component Comment : Designator= Old Comment= New Comment=120R/1%/0402
Change Component Comment : Designator= Old Comment= New Comment=7333-1
Change Component Comment : Designator= Old Comment= New Comment=Diode-Z
Change Component Comment : Designator= Old Comment= New Comment=DSIC01LS-P_C600988
Change Component Comment : Designator= Old Comment= New Comment=Header 4
Change Component Comment : Designator= Old Comment= New Comment=Header 6
Change Component Comment : Designator= Old Comment= New Comment=Header_10x2
Change Component Comment : Designator= Old Comment= New Comment=Header_10x2
Change Component Comment : Designator= Old Comment= New Comment=LED_B
Change Component Comment : Designator= Old Comment= New Comment=LED_B
Change Component Comment : Designator= Old Comment= New Comment=SM712-02HTG_C3008057
Change Component Comment : Designator= Old Comment= New Comment=SN65HVD230DR
Change Component Comment : Designator= Old Comment= New Comment=STM32F103C8T6
Change Component Comment : Designator= Old Comment= New Comment=TAXM8M2QLFCDT1T
Change Component Designator: OldDesignator= NewDesignator=C1
Change Component Designator: OldDesignator= NewDesignator=C2
Change Component Designator: OldDesignator= NewDesignator=C3
Change Component Designator: OldDesignator= NewDesignator=C4
Change Component Designator: OldDesignator= NewDesignator=C5
Change Component Designator: OldDesignator= NewDesignator=C6
Change Component Designator: OldDesignator= NewDesignator=C7
Change Component Designator: OldDesignator= NewDesignator=C8
Change Component Designator: OldDesignator= NewDesignator=C9
Change Component Designator: OldDesignator= NewDesignator=C10
Change Component Designator: OldDesignator= NewDesignator=D1
Change Component Designator: OldDesignator= NewDesignator=D2
Change Component Designator: OldDesignator= NewDesignator=LED1
Change Component Designator: OldDesignator= NewDesignator=LED2
Change Component Designator: OldDesignator= NewDesignator=P1
Change Component Designator: OldDesignator= NewDesignator=P2
Change Component Designator: OldDesignator= NewDesignator=P3
Change Component Designator: OldDesignator= NewDesignator=P4
Change Component Designator: OldDesignator= NewDesignator=R1
Change Component Designator: OldDesignator= NewDesignator=R2
Change Component Designator: OldDesignator= NewDesignator=R3
Change Component Designator: OldDesignator= NewDesignator=R4
Change Component Designator: OldDesignator= NewDesignator=R5
Change Component Designator: OldDesignator= NewDesignator=SW1
Change Component Designator: OldDesignator= NewDesignator=U1
Change Component Designator: OldDesignator= NewDesignator=U2
Change Component Designator: OldDesignator= NewDesignator=U3
Change Component Designator: OldDesignator= NewDesignator=Y1
Added Pin To Net: NetName=PB7 Pin=P4-1
Added Pin To Net: NetName=PB6 Pin=P4-2
Added Pin To Net: NetName=PB5 Pin=P4-5
Added Pin To Net: NetName=PA15 Pin=P4-6
Added Pin To Net: NetName=PB10 Pin=P4-7
Added Pin To Net: NetName=PB11 Pin=P4-8
Added Pin To Net: NetName=PA12 Pin=P4-9
Added Pin To Net: NetName=PA11 Pin=P4-10
Added Member To Class: ClassName=CANתIO Member=Component C1 10uF/50V/0805
Added Member To Class: ClassName=CANתIO Member=Component C2 100nF/50V/0402
Added Member To Class: ClassName=CANתIO Member=Component C3 10uF/50V/0805
Added Member To Class: ClassName=CANתIO Member=Component C4 100nF/50V/0402
Added Member To Class: ClassName=CANתIO Member=Component C5 100nF/16V/0402
Added Member To Class: ClassName=CANתIO Member=Component C6 100nF/50V/0402
Added Member To Class: ClassName=CANתIO Member=Component C7 22pF/16V/0402
Added Member To Class: ClassName=CANתIO Member=Component C8 22pF/16V/0402
Added Member To Class: ClassName=CANתIO Member=Component C9 10uF/50V/0402
Added Member To Class: ClassName=CANתIO Member=Component C10 100nF/16V/0402
Added Member To Class: ClassName=CANתIO Member=Component D1 Diode-Z
Added Member To Class: ClassName=CANתIO Member=Component D2 SM712-02HTG_C3008057
Added Member To Class: ClassName=CANתIO Member=Component LED1 LED_B
Added Member To Class: ClassName=CANתIO Member=Component LED2 LED_B
Added Member To Class: ClassName=CANתIO Member=Component P1 Header 4
Added Member To Class: ClassName=CANתIO Member=Component P2 Header 6
Added Member To Class: ClassName=CANתIO Member=Component P3 Header_10x2
Added Member To Class: ClassName=CANתIO Member=Component P4 Header_10x2
Added Member To Class: ClassName=CANתIO Member=Component R1 10K/1%/0402
Added Member To Class: ClassName=CANתIO Member=Component R2 10K/1%/0402
Added Member To Class: ClassName=CANתIO Member=Component R3 1M/1%/0402
Added Member To Class: ClassName=CANתIO Member=Component R4 120R/1%/0402
Added Member To Class: ClassName=CANתIO Member=Component R5 10K/1%/0402
Added Member To Class: ClassName=CANתIO Member=Component SW1 DSIC01LS-P_C600988
Added Member To Class: ClassName=CANתIO Member=Component U1 7333-1
Added Member To Class: ClassName=CANתIO Member=Component U2 SN65HVD230DR
Added Member To Class: ClassName=CANתIO Member=Component U3 STM32F103C8T6
Added Member To Class: ClassName=CANתIO Member=Component Y1 TAXM8M2QLFCDT1T
