Removed Pin From Net: NetName=GND Pin=K1-1
Removed Pin From Net: NetName=GND Pin=K1-1
Removed Pin From Net: NetName=NRST Pin=K1-2
Removed Pin From Net: NetName=NRST Pin=K1-2
Removed Pin From Net: NetName=GND Pin=P1-3
Removed Pin From Net: NetName=GND Pin=P1-4
Removed Pin From Net: NetName=+5V Pin=P1-5
Removed Pin From Net: NetName=+3.3V Pin=P4-1
Removed Pin From Net: NetName=BOOT0 Pin=P4-2
Removed Pin From Net: NetName=GND Pin=P4-3
Removed Pin From Net: NetName=+3.3V Pin=Q3-G
Removed Pin From Net: NetName=+3.3V Pin=R13-2
Removed Pin From Net: NetName=+3.3V Pin=R22-2
Removed Pin From Net: NetName=+5V Pin=R23-2
Removed Pin From Net: NetName=+5V Pin=U3-8
Removed Member From Class: ClassName=YAOKONG Member=P4
Removed Member From Class: ClassName=YAOKONG Member=P5
Removed Member From Class: ClassName=YAOKONG Member=Q3
Removed Member From Class: ClassName=YAOKONG Member=R22
Change Component Designator: OldDesignator=P2 NewDesignator=P1
Change Component Designator: OldDesignator=P3 NewDesignator=P2
Change Component Designator: OldDesignator=P5 NewDesignator=P3
Change Component Designator: OldDesignator=R21 NewDesignator=R222
Change Component Designator: OldDesignator=R24 NewDesignator=R23
Added Component: Designator=LED?(LED0603-RD_RED)
Add component (AddParameter): Name = "LatestRevisionDate"; Value = "08-Jul-2005"; VariantName = "[No Variations]"
Add component (AddParameter): Name = "LatestRevisionNote"; Value = "Mech Layer 1 removed."; VariantName = "[No Variations]"
Add component (AddParameter): Name = "PackageDescription"; Value = "LED; 2 Leads"; VariantName = "[No Variations]"
Add component (AddParameter): Name = "PackageReference"; Value = "LED-0"; VariantName = "[No Variations]"
Add component (AddParameter): Name = "Published"; Value = "8-Jun-2000"; VariantName = "[No Variations]"
Add component (AddParameter): Name = "Publisher"; Value = "Altium Limited"; VariantName = "[No Variations]"
Added Component: Designator=R21(R0603)
Add component (AddParameter): Name = "LatestRevisionDate"; Value = "17-Jul-2002"; VariantName = "[No Variations]"
Add component (AddParameter): Name = "LatestRevisionNote"; Value = "Re-released for DXP Platform."; VariantName = "[No Variations]"
Add component (AddParameter): Name = "PackageReference"; Value = "AXIAL-0.4"; VariantName = "[No Variations]"
Add component (AddParameter): Name = "Published"; Value = "8-Jun-2000"; VariantName = "[No Variations]"
Add component (AddParameter): Name = "Publisher"; Value = "Altium Limited"; VariantName = "[No Variations]"
Added Component: Designator=R24(R0603)
Add component (AddParameter): Name = "LatestRevisionDate"; Value = "17-Jul-2002"; VariantName = "[No Variations]"
Add component (AddParameter): Name = "LatestRevisionNote"; Value = "Re-released for DXP Platform."; VariantName = "[No Variations]"
Add component (AddParameter): Name = "PackageReference"; Value = "AXIAL-0.4"; VariantName = "[No Variations]"
Add component (AddParameter): Name = "Published"; Value = "8-Jun-2000"; VariantName = "[No Variations]"
Add component (AddParameter): Name = "Publisher"; Value = "Altium Limited"; VariantName = "[No Variations]"
Added Component: Designator=R25(R0603)
Add component (AddParameter): Name = "LatestRevisionDate"; Value = "17-Jul-2002"; VariantName = "[No Variations]"
Add component (AddParameter): Name = "LatestRevisionNote"; Value = "Re-released for DXP Platform."; VariantName = "[No Variations]"
Add component (AddParameter): Name = "PackageReference"; Value = "AXIAL-0.4"; VariantName = "[No Variations]"
Add component (AddParameter): Name = "Published"; Value = "8-Jun-2000"; VariantName = "[No Variations]"
Add component (AddParameter): Name = "Publisher"; Value = "Altium Limited"; VariantName = "[No Variations]"
Added Pin To Net: NetName=VT Pin=K1-1
Added Pin To Net: NetName=VT Pin=K1-1
Added Pin To Net: NetName=+5V Pin=K1-2
Added Pin To Net: NetName=+5V Pin=K1-2
Added Pin To Net: NetName=GND Pin=LED?-2
Added Pin To Net: NetName=GND Pin=R13-2
Added Pin To Net: NetName=VT Pin=R21-2
Added Pin To Net: NetName=+3.3V Pin=R24-2
Added Pin To Net: NetName=+3.3V Pin=R25-2
Added Pin To Net: NetName=+3.3V Pin=U3-8
Added Pin To Net: NetName=D0_3.3V Pin=Q4-S
Added Pin To Net: NetName=D0_3.3V Pin=R222-1
Added Pin To Net: NetName=D0_3.3V Pin=U4-9
Added Net: Name=D0_3.3V
Added Pin To Net: NetName=D0_5V Pin=P2-3
Added Pin To Net: NetName=D0_5V Pin=Q4-D
Added Pin To Net: NetName=D0_5V Pin=R23-1
Added Net: Name=D0_5V
Added Pin To Net: NetName=NetLED?_1 Pin=LED?-1
Added Pin To Net: NetName=NetLED?_1 Pin=R21-1
Added Net: Name=NetLED?_1
Added Pin To Net: NetName=SCL Pin=R24-1
Added Pin To Net: NetName=SCL Pin=U3-6
Added Pin To Net: NetName=SCL Pin=U4-17
Added Net: Name=SCL
Added Pin To Net: NetName=SDA Pin=R25-1
Added Pin To Net: NetName=SDA Pin=U3-5
Added Pin To Net: NetName=SDA Pin=U4-18
Added Net: Name=SDA
Added Member To Class: ClassName=YAOKONG Member=Component LED? LED0
Added Member To Class: ClassName=YAOKONG Member=Component R25 4.7K
Added Member To Class: ClassName=YAOKONG Member=Component R222 4.7K
